################################################
#[START] RAIN SKRIPT
################################################
20160926-124207: GPIO Input 17 - STATUS: 1
20160926-124207: GPIO Input 18 - STATUS: 1
20160926-124207: GPIO Input 27 - STATUS: 1
20160926-124207: GPIO Input 22 - STATUS: 1
20160926-124207: GPIO Input 23 - STATUS: 1
20160926-124207: GPIO Input 24 - STATUS: 1
20160926-124207: GPIO Input 10 - STATUS: 1
20160926-124207: GPIO Input 9 - STATUS: 1
20160926-124207: You have entered GPIO 22 Input
20160926-124207: You have entered raintime period in seconds: 0
20160926-124207: weather forecast will be considered: CONSIDERING_WEATHERFORECAST = 1
################################################
#[END] RAIN SKRIPT
################################################
################################################
#[START] RAIN SKRIPT
################################################
20160926-124239: GPIO Input 17 - STATUS: 1
20160926-124239: GPIO Input 18 - STATUS: 1
20160926-124239: GPIO Input 27 - STATUS: 1
20160926-124240: GPIO Input 22 - STATUS: 1
20160926-124240: GPIO Input 23 - STATUS: 1
20160926-124240: GPIO Input 24 - STATUS: 1
20160926-124240: GPIO Input 10 - STATUS: 1
20160926-124240: GPIO Input 9 - STATUS: 1
20160926-124240: You have entered GPIO 22 Input
20160926-124240: You have entered raintime period in seconds: 10
20160926-124240: weather forecast will be considered: CONSIDERING_WEATHERFORECAST = 1
################################################
#[END] RAIN SKRIPT
################################################
################################################
#[START] RAIN SKRIPT
################################################
20160926-124420: GPIO Input 17 - STATUS: 1
20160926-124420: GPIO Input 18 - STATUS: 1
20160926-124420: GPIO Input 27 - STATUS: 1
20160926-124420: GPIO Input 22 - STATUS: 1
20160926-124420: GPIO Input 23 - STATUS: 1
20160926-124420: GPIO Input 24 - STATUS: 1
20160926-124420: GPIO Input 10 - STATUS: 1
20160926-124420: GPIO Input 9 - STATUS: 1
20160926-124420: You have entered GPIO 22 Input
20160926-124420: You have entered raintime period in seconds: 10
20160926-124420: weather forecast will be considered: CONSIDERING_WEATHERFORECAST = 1
################################################
#[END] RAIN SKRIPT
################################################
################################################
#[START] RAIN SKRIPT
################################################
20160926-124430: GPIO Input 17 - STATUS: 1
20160926-124430: GPIO Input 18 - STATUS: 1
20160926-124430: GPIO Input 27 - STATUS: 1
20160926-124430: GPIO Input 22 - STATUS: 1
20160926-124430: GPIO Input 23 - STATUS: 1
20160926-124430: GPIO Input 24 - STATUS: 1
20160926-124430: GPIO Input 10 - STATUS: 1
20160926-124430: GPIO Input 9 - STATUS: 1
20160926-124430: You have entered GPIO 22 Input
20160926-124430: You have entered raintime period in seconds: 10
20160926-124430: weather forecast will not be considered: CONSIDERING_WEATHERFORECAST = 0 and variable var_rain will be set to 1
20160926-124430: Raining will start - forecasted weather: neuer Status - Doku pr端fen
20160926-124430: GPIO Input 22 - STATUS: 1
20160926-124430: No Raining (var_rain: 1 - var_input_str: 22) due to forecasted weather: neuer Status - Doku pr端fen
################################################
#[END] RAIN SKRIPT
################################################
################################################
#[START] RAIN SKRIPT
################################################
20160926-124449: GPIO Input 17 - STATUS: 1
20160926-124449: GPIO Input 18 - STATUS: 1
20160926-124449: GPIO Input 27 - STATUS: 1
20160926-124449: GPIO Input 22 - STATUS: 1
20160926-124449: GPIO Input 23 - STATUS: 1
20160926-124449: GPIO Input 24 - STATUS: 1
20160926-124449: GPIO Input 10 - STATUS: 1
20160926-124449: GPIO Input 9 - STATUS: 1
20160926-124449: You have entered GPIO 22 Input
20160926-124449: You have entered raintime period in seconds: 10
20160926-124449: weather forecast will not be considered: CONSIDERING_WEATHERFORECAST = 0 and variable var_rain will be set to 1
20160926-124450: Raining will start - forecasted weather: neuer Status - Doku pr端fen
20160926-124450: GPIO Input 22 - STATUS: 1
################################################
#[END] RAIN SKRIPT
################################################
################################################
#[START] RAIN SKRIPT
################################################
20160926-124558: GPIO Input 17 - STATUS: 1
20160926-124558: GPIO Input 18 - STATUS: 1
20160926-124558: GPIO Input 27 - STATUS: 1
20160926-124558: GPIO Input 22 - STATUS: 1
20160926-124558: GPIO Input 23 - STATUS: 1
20160926-124558: GPIO Input 24 - STATUS: 1
20160926-124558: GPIO Input 10 - STATUS: 1
20160926-124558: GPIO Input 9 - STATUS: 1
20160926-124558: You have entered GPIO 22 Input
20160926-124558: You have entered raintime period in seconds: 10
20160926-124558: weather forecast will not be considered: CONSIDERING_WEATHERFORECAST = 0 and variable var_rain will be set to 1
20160926-124558: Raining will start - forecasted weather: neuer Status - Doku pr端fen
20160926-124608: GPIO Input 22 - STATUS: 1
################################################
#[END] RAIN SKRIPT
################################################
