################################################
#[START] RAIN SKRIPT
################################################
20160926-204502: GPIO Input 17 - STATUS: 1
20160926-204502: GPIO Input 18 - STATUS: 1
20160926-204502: GPIO Input 27 - STATUS: 1
20160926-204502: GPIO Input 22 - STATUS: 1
20160926-204502: GPIO Input 23 - STATUS: 1
20160926-204502: GPIO Input 24 - STATUS: 1
20160926-204502: GPIO Input 10 - STATUS: 1
20160926-204502: GPIO Input 9 - STATUS: 1
20160926-204502: You have entered GPIO 23 Input
20160926-204502: You have entered raintime period in seconds: 899
20160926-204502: weather forecast will be considered: CONSIDERING_WEATHERFORECAST = 1
20160926-204502: No raining due to a lot of rain within last 8 hours: 0
20160926-204502: Script exit with code 100
################################################
#[START] RAIN SKRIPT
################################################
20160927-204501: GPIO Input 17 - STATUS: 1
20160927-204501: GPIO Input 18 - STATUS: 1
20160927-204501: GPIO Input 27 - STATUS: 1
20160927-204501: GPIO Input 22 - STATUS: 1
20160927-204501: GPIO Input 23 - STATUS: 1
20160927-204501: GPIO Input 24 - STATUS: 1
20160927-204501: GPIO Input 10 - STATUS: 1
20160927-204501: GPIO Input 9 - STATUS: 1
20160927-204501: You have entered GPIO 23 Input
20160927-204501: You have entered raintime period in seconds: 899
20160927-204501: weather forecast will be considered: CONSIDERING_WEATHERFORECAST = 1
20160927-204501: No raining due to a lot of rain within last 8 hours: 0
20160927-204501: Script exit with code 100
